

Processing PagesController#home (for 127.0.0.1 at 2010-04-17 20:03:18) [GET]
Rendering template within layouts/application
Rendering pages/home
Completed in 106ms (View: 105, DB: 0) | 200 OK [http://localhost/pages/home]


Processing PagesController#home (for 127.0.0.1 at 2010-04-17 20:04:12) [GET]
Rendering template within layouts/application
Rendering pages/home
Completed in 14ms (View: 5, DB: 0) | 200 OK [http://localhost/pages/home]


Processing PagesController#home (for 127.0.0.1 at 2010-04-17 20:04:54) [GET]
Rendering template within layouts/application
Rendering pages/home

ActionView::TemplateError (undefined method `img_tag' for #<ActionView::Base:0x7f57dffe1210>) on line #1 of app/views/pages/home.html.haml:
1: =img_tag "android"

    app/views/pages/home.html.haml:1:in `_run_haml_app47views47pages47home46html46haml'
    haml (2.2.20) lib/haml/helpers/action_view_mods.rb:13:in `render'
    haml (2.2.20) lib/haml/helpers/action_view_mods.rb:13:in `render'
    haml (2.2.20) rails/./lib/sass/plugin/rails.rb:20:in `process'
    /usr/lib/ruby/1.8/webrick/httpserver.rb:104:in `service'
    /usr/lib/ruby/1.8/webrick/httpserver.rb:65:in `run'
    /usr/lib/ruby/1.8/webrick/server.rb:173:in `start_thread'
    /usr/lib/ruby/1.8/webrick/server.rb:162:in `start'
    /usr/lib/ruby/1.8/webrick/server.rb:162:in `start_thread'
    /usr/lib/ruby/1.8/webrick/server.rb:95:in `start'
    /usr/lib/ruby/1.8/webrick/server.rb:92:in `each'
    /usr/lib/ruby/1.8/webrick/server.rb:92:in `start'
    /usr/lib/ruby/1.8/webrick/server.rb:23:in `start'
    /usr/lib/ruby/1.8/webrick/server.rb:82:in `start'

Rendered rescues/_trace (29.7ms)
Rendered rescues/_request_and_response (1.0ms)
Rendering rescues/layout (internal_server_error)


Processing PagesController#home (for 127.0.0.1 at 2010-04-17 20:05:27) [GET]
Rendering template within layouts/application
Rendering pages/home
Completed in 5ms (View: 4, DB: 0) | 200 OK [http://localhost/pages/home]


Processing ApplicationController#index (for 127.0.0.1 at 2010-04-17 20:05:27) [GET]

ActionController::RoutingError (No route matches "/images/android" with {:method=>:get}):
  /usr/lib/ruby/1.8/webrick/httpserver.rb:104:in `service'
  /usr/lib/ruby/1.8/webrick/httpserver.rb:65:in `run'
  /usr/lib/ruby/1.8/webrick/server.rb:173:in `start_thread'
  /usr/lib/ruby/1.8/webrick/server.rb:162:in `start'
  /usr/lib/ruby/1.8/webrick/server.rb:162:in `start_thread'
  /usr/lib/ruby/1.8/webrick/server.rb:95:in `start'
  /usr/lib/ruby/1.8/webrick/server.rb:92:in `each'
  /usr/lib/ruby/1.8/webrick/server.rb:92:in `start'
  /usr/lib/ruby/1.8/webrick/server.rb:23:in `start'
  /usr/lib/ruby/1.8/webrick/server.rb:82:in `start'

Rendering rescues/layout (not_found)


Processing PagesController#home (for 127.0.0.1 at 2010-04-17 20:08:05) [GET]
Rendering template within layouts/application
Rendering pages/home
Completed in 5ms (View: 4, DB: 0) | 200 OK [http://localhost/pages/home]


Processing PagesController#home (for 127.0.0.1 at 2010-04-17 20:09:04) [GET]
Rendering template within layouts/application
Rendering pages/home

ActionView::TemplateError (No expansion found for :android) on line #6 of app/views/layouts/application.html.haml:
3: %html
4:   %head
5:     %title android.coderjoe.net
6:     = stylesheet_link_tag :android
7:   %body
8:     .content
9:       = yield

    app/views/layouts/application.html.haml:6:in `_run_haml_app47views47layouts47application46html46haml'
    haml (2.2.20) lib/haml/helpers/action_view_mods.rb:13:in `render'
    haml (2.2.20) lib/haml/helpers/action_view_mods.rb:13:in `render'
    haml (2.2.20) rails/./lib/sass/plugin/rails.rb:20:in `process'
    /usr/lib/ruby/1.8/webrick/httpserver.rb:104:in `service'
    /usr/lib/ruby/1.8/webrick/httpserver.rb:65:in `run'
    /usr/lib/ruby/1.8/webrick/server.rb:173:in `start_thread'
    /usr/lib/ruby/1.8/webrick/server.rb:162:in `start'
    /usr/lib/ruby/1.8/webrick/server.rb:162:in `start_thread'
    /usr/lib/ruby/1.8/webrick/server.rb:95:in `start'
    /usr/lib/ruby/1.8/webrick/server.rb:92:in `each'
    /usr/lib/ruby/1.8/webrick/server.rb:92:in `start'
    /usr/lib/ruby/1.8/webrick/server.rb:23:in `start'
    /usr/lib/ruby/1.8/webrick/server.rb:82:in `start'

Rendered rescues/_trace (31.1ms)
Rendered rescues/_request_and_response (0.3ms)
Rendering rescues/layout (internal_server_error)


Processing PagesController#home (for 127.0.0.1 at 2010-04-17 20:11:18) [GET]
Rendering template within layouts/application
Rendering pages/home

ActionView::TemplateError (No expansion found for :android) on line #6 of app/views/layouts/application.html.haml:
3: %html
4:   %head
5:     %title android.coderjoe.net
6:     = stylesheet_link_tag :android
7:   %body
8:     .content
9:       = yield

    app/views/layouts/application.html.haml:6:in `_run_haml_app47views47layouts47application46html46haml'
    haml (2.2.20) lib/haml/helpers/action_view_mods.rb:13:in `render'
    haml (2.2.20) lib/haml/helpers/action_view_mods.rb:13:in `render'
    haml (2.2.20) rails/./lib/sass/plugin/rails.rb:20:in `process'
    /usr/lib/ruby/1.8/webrick/httpserver.rb:104:in `service'
    /usr/lib/ruby/1.8/webrick/httpserver.rb:65:in `run'
    /usr/lib/ruby/1.8/webrick/server.rb:173:in `start_thread'
    /usr/lib/ruby/1.8/webrick/server.rb:162:in `start'
    /usr/lib/ruby/1.8/webrick/server.rb:162:in `start_thread'
    /usr/lib/ruby/1.8/webrick/server.rb:95:in `start'
    /usr/lib/ruby/1.8/webrick/server.rb:92:in `each'
    /usr/lib/ruby/1.8/webrick/server.rb:92:in `start'
    /usr/lib/ruby/1.8/webrick/server.rb:23:in `start'
    /usr/lib/ruby/1.8/webrick/server.rb:82:in `start'

Rendered rescues/_trace (87.0ms)
Rendered rescues/_request_and_response (0.3ms)
Rendering rescues/layout (internal_server_error)


Processing PagesController#home (for 127.0.0.1 at 2010-04-17 20:11:23) [GET]
Rendering template within layouts/application
Rendering pages/home

ActionView::TemplateError (No expansion found for :android) on line #6 of app/views/layouts/application.html.haml:
3: %html
4:   %head
5:     %title android.coderjoe.net
6:     = stylesheet_link_tag :android
7:   %body
8:     .content
9:       = yield

    app/views/layouts/application.html.haml:6:in `_run_haml_app47views47layouts47application46html46haml'
    haml (2.2.20) lib/haml/helpers/action_view_mods.rb:13:in `render'
    haml (2.2.20) lib/haml/helpers/action_view_mods.rb:13:in `render'
    haml (2.2.20) rails/./lib/sass/plugin/rails.rb:20:in `process'
    /usr/lib/ruby/1.8/webrick/httpserver.rb:104:in `service'
    /usr/lib/ruby/1.8/webrick/httpserver.rb:65:in `run'
    /usr/lib/ruby/1.8/webrick/server.rb:173:in `start_thread'
    /usr/lib/ruby/1.8/webrick/server.rb:162:in `start'
    /usr/lib/ruby/1.8/webrick/server.rb:162:in `start_thread'
    /usr/lib/ruby/1.8/webrick/server.rb:95:in `start'
    /usr/lib/ruby/1.8/webrick/server.rb:92:in `each'
    /usr/lib/ruby/1.8/webrick/server.rb:92:in `start'
    /usr/lib/ruby/1.8/webrick/server.rb:23:in `start'
    /usr/lib/ruby/1.8/webrick/server.rb:82:in `start'

Rendered rescues/_trace (31.5ms)
Rendered rescues/_request_and_response (0.3ms)
Rendering rescues/layout (internal_server_error)


Processing PagesController#home (for 127.0.0.1 at 2010-04-17 20:33:15) [GET]
Rendering template within layouts/application
Rendering pages/home

ActionView::TemplateError (No expansion found for :android) on line #6 of app/views/layouts/application.html.haml:
3: %html
4:   %head
5:     %title android.coderjoe.net
6:     = stylesheet_link_tag :android
7:   %body
8:     .content
9:       = yield

    app/views/layouts/application.html.haml:6:in `_run_haml_app47views47layouts47application46html46haml'
    haml (2.2.20) lib/haml/helpers/action_view_mods.rb:13:in `render'
    haml (2.2.20) lib/haml/helpers/action_view_mods.rb:13:in `render'
    haml (2.2.20) rails/./lib/sass/plugin/rails.rb:20:in `process'
    /usr/lib/ruby/1.8/webrick/httpserver.rb:104:in `service'
    /usr/lib/ruby/1.8/webrick/httpserver.rb:65:in `run'
    /usr/lib/ruby/1.8/webrick/server.rb:173:in `start_thread'
    /usr/lib/ruby/1.8/webrick/server.rb:162:in `start'
    /usr/lib/ruby/1.8/webrick/server.rb:162:in `start_thread'
    /usr/lib/ruby/1.8/webrick/server.rb:95:in `start'
    /usr/lib/ruby/1.8/webrick/server.rb:92:in `each'
    /usr/lib/ruby/1.8/webrick/server.rb:92:in `start'
    /usr/lib/ruby/1.8/webrick/server.rb:23:in `start'
    /usr/lib/ruby/1.8/webrick/server.rb:82:in `start'

Rendered rescues/_trace (3498.1ms)
Rendered rescues/_request_and_response (0.3ms)
Rendering rescues/layout (internal_server_error)


Processing PagesController#home (for 127.0.0.1 at 2010-04-17 20:34:06) [GET]
Rendering template within layouts/application
Rendering pages/home

ActionView::TemplateError (No expansion found for :android) on line #6 of app/views/layouts/application.html.haml:
3: %html
4:   %head
5:     %title android.coderjoe.net
6:     = stylesheet_link_tag :android
7:   %body
8:     .content
9:       = yield

    app/views/layouts/application.html.haml:6:in `_run_haml_app47views47layouts47application46html46haml'
    haml (2.2.20) lib/haml/helpers/action_view_mods.rb:13:in `render'
    haml (2.2.20) lib/haml/helpers/action_view_mods.rb:13:in `render'
    haml (2.2.20) rails/./lib/sass/plugin/rails.rb:20:in `process'
    /usr/lib/ruby/1.8/webrick/httpserver.rb:104:in `service'
    /usr/lib/ruby/1.8/webrick/httpserver.rb:65:in `run'
    /usr/lib/ruby/1.8/webrick/server.rb:173:in `start_thread'
    /usr/lib/ruby/1.8/webrick/server.rb:162:in `start'
    /usr/lib/ruby/1.8/webrick/server.rb:162:in `start_thread'
    /usr/lib/ruby/1.8/webrick/server.rb:95:in `start'
    /usr/lib/ruby/1.8/webrick/server.rb:92:in `each'
    /usr/lib/ruby/1.8/webrick/server.rb:92:in `start'
    /usr/lib/ruby/1.8/webrick/server.rb:23:in `start'
    /usr/lib/ruby/1.8/webrick/server.rb:82:in `start'

Rendered rescues/_trace (31.3ms)
Rendered rescues/_request_and_response (0.3ms)
Rendering rescues/layout (internal_server_error)


Processing PagesController#home (for 127.0.0.1 at 2010-04-17 20:34:22) [GET]
Rendering template within layouts/application
Rendering pages/home

ActionView::TemplateError (No expansion found for :android) on line #6 of app/views/layouts/application.html.haml:
3: %html
4:   %head
5:     %title android.coderjoe.net
6:     = stylesheet_link_tag :android
7:   %body
8:     .content
9:       = yield

    app/views/layouts/application.html.haml:6:in `_run_haml_app47views47layouts47application46html46haml'
    haml (2.2.20) lib/haml/helpers/action_view_mods.rb:13:in `render'
    haml (2.2.20) lib/haml/helpers/action_view_mods.rb:13:in `render'
    haml (2.2.20) rails/./lib/sass/plugin/rails.rb:20:in `process'
    /usr/lib/ruby/1.8/webrick/httpserver.rb:104:in `service'
    /usr/lib/ruby/1.8/webrick/httpserver.rb:65:in `run'
    /usr/lib/ruby/1.8/webrick/server.rb:173:in `start_thread'
    /usr/lib/ruby/1.8/webrick/server.rb:162:in `start'
    /usr/lib/ruby/1.8/webrick/server.rb:162:in `start_thread'
    /usr/lib/ruby/1.8/webrick/server.rb:95:in `start'
    /usr/lib/ruby/1.8/webrick/server.rb:92:in `each'
    /usr/lib/ruby/1.8/webrick/server.rb:92:in `start'
    /usr/lib/ruby/1.8/webrick/server.rb:23:in `start'
    /usr/lib/ruby/1.8/webrick/server.rb:82:in `start'

Rendered rescues/_trace (34.5ms)
Rendered rescues/_request_and_response (0.3ms)
Rendering rescues/layout (internal_server_error)


Processing PagesController#home (for 127.0.0.1 at 2010-04-17 20:35:20) [GET]
Rendering template within layouts/application
Rendering pages/home
Completed in 35ms (View: 34, DB: 0) | 200 OK [http://localhost/pages/home]


Processing PagesController#home (for 127.0.0.1 at 2010-04-17 20:36:01) [GET]
Rendering template within layouts/application
Rendering pages/home
Completed in 2ms (View: 1, DB: 0) | 200 OK [http://localhost/pages/home]


Processing PagesController#home (for 127.0.0.1 at 2010-04-17 20:36:27) [GET]
Rendering template within layouts/application
Rendering pages/home
Completed in 2ms (View: 1, DB: 0) | 200 OK [http://localhost/pages/home]


Processing PagesController#home (for 127.0.0.1 at 2010-04-17 20:37:56) [GET]
Rendering template within layouts/application
Rendering pages/home
Completed in 2ms (View: 1, DB: 0) | 200 OK [http://localhost/pages/home]


Processing PagesController#home (for 127.0.0.1 at 2010-04-17 20:37:57) [GET]
Rendering template within layouts/application
Rendering pages/home
Completed in 2ms (View: 1, DB: 0) | 200 OK [http://localhost/pages/home]


Processing PagesController#home (for 127.0.0.1 at 2010-04-17 20:37:57) [GET]
Rendering template within layouts/application
Rendering pages/home
Completed in 2ms (View: 1, DB: 0) | 200 OK [http://localhost/pages/home]


Processing PagesController#home (for 127.0.0.1 at 2010-04-17 20:39:09) [GET]
Rendering template within layouts/application
Rendering pages/home
Completed in 2ms (View: 1, DB: 0) | 200 OK [http://localhost/pages/home]


Processing PagesController#home (for 127.0.0.1 at 2010-04-17 20:39:50) [GET]
Rendering template within layouts/application
Rendering pages/home
Completed in 2ms (View: 1, DB: 0) | 200 OK [http://localhost/pages/home]


Processing PagesController#home (for 127.0.0.1 at 2010-04-17 20:39:51) [GET]
Rendering template within layouts/application
Rendering pages/home
Completed in 2ms (View: 1, DB: 0) | 200 OK [http://localhost/pages/home]


Processing PagesController#home (for 127.0.0.1 at 2010-04-17 20:39:51) [GET]
Rendering template within layouts/application
Rendering pages/home
Completed in 3ms (View: 1, DB: 0) | 200 OK [http://localhost/pages/home]


Processing PagesController#home (for 127.0.0.1 at 2010-04-17 20:40:15) [GET]
Rendering template within layouts/application
Rendering pages/home
Completed in 6ms (View: 4, DB: 0) | 200 OK [http://localhost/pages/home]


Processing PagesController#home (for 127.0.0.1 at 2010-04-17 20:40:47) [GET]
Rendering template within layouts/application
Rendering pages/home
Completed in 2ms (View: 1, DB: 0) | 200 OK [http://localhost/pages/home]


Processing PagesController#home (for 127.0.0.1 at 2010-04-17 20:40:48) [GET]
Rendering template within layouts/application
Rendering pages/home
Completed in 2ms (View: 1, DB: 0) | 200 OK [http://localhost/pages/home]


Processing PagesController#home (for 127.0.0.1 at 2010-04-17 20:41:02) [GET]
Rendering template within layouts/application
Rendering pages/home
Completed in 2ms (View: 1, DB: 0) | 200 OK [http://localhost/pages/home]


Processing PagesController#home (for 127.0.0.1 at 2010-04-17 20:41:03) [GET]
Rendering template within layouts/application
Rendering pages/home
Completed in 2ms (View: 1, DB: 0) | 200 OK [http://localhost/pages/home]


Processing PagesController#home (for 127.0.0.1 at 2010-04-17 20:41:12) [GET]
Rendering template within layouts/application
Rendering pages/home
Completed in 2ms (View: 1, DB: 0) | 200 OK [http://localhost/pages/home]


Processing PagesController#home (for 127.0.0.1 at 2010-04-17 20:41:24) [GET]
Rendering template within layouts/application
Rendering pages/home
Completed in 2ms (View: 1, DB: 0) | 200 OK [http://localhost/pages/home]


Processing PagesController#home (for 127.0.0.1 at 2010-04-17 20:41:57) [GET]
Rendering template within layouts/application
Rendering pages/home
Completed in 2ms (View: 1, DB: 0) | 200 OK [http://localhost/pages/home]


Processing PagesController#home (for 127.0.0.1 at 2010-04-17 20:41:58) [GET]
Rendering template within layouts/application
Rendering pages/home
Completed in 2ms (View: 1, DB: 0) | 200 OK [http://localhost/pages/home]


Processing PagesController#home (for 127.0.0.1 at 2010-04-17 20:41:58) [GET]
Rendering template within layouts/application
Rendering pages/home
Completed in 2ms (View: 1, DB: 0) | 200 OK [http://localhost/pages/home]


Processing PagesController#home (for 127.0.0.1 at 2010-04-17 20:42:11) [GET]
Rendering template within layouts/application
Rendering pages/home
Completed in 2ms (View: 1, DB: 0) | 200 OK [http://localhost/pages/home]


Processing PagesController#home (for 127.0.0.1 at 2010-04-17 20:42:21) [GET]
Rendering template within layouts/application
Rendering pages/home
Completed in 2ms (View: 1, DB: 0) | 200 OK [http://localhost/pages/home]


Processing PagesController#home (for 127.0.0.1 at 2010-04-17 20:42:21) [GET]
Rendering template within layouts/application
Rendering pages/home
Completed in 2ms (View: 1, DB: 0) | 200 OK [http://localhost/pages/home]


Processing PagesController#home (for 127.0.0.1 at 2010-04-17 20:42:30) [GET]
Rendering template within layouts/application
Rendering pages/home
Completed in 2ms (View: 1, DB: 0) | 200 OK [http://localhost/pages/home]


Processing PagesController#home (for 127.0.0.1 at 2010-04-17 20:42:41) [GET]
Rendering template within layouts/application
Rendering pages/home
Completed in 2ms (View: 1, DB: 0) | 200 OK [http://localhost/pages/home]


Processing PagesController#home (for 127.0.0.1 at 2010-04-17 20:42:50) [GET]
Rendering template within layouts/application
Rendering pages/home
Completed in 2ms (View: 1, DB: 0) | 200 OK [http://localhost/pages/home]


Processing PagesController#home (for 127.0.0.1 at 2010-04-17 20:42:51) [GET]
Rendering template within layouts/application
Rendering pages/home
Completed in 2ms (View: 1, DB: 0) | 200 OK [http://localhost/pages/home]


Processing PagesController#home (for 127.0.0.1 at 2010-04-17 20:42:51) [GET]
Rendering template within layouts/application
Rendering pages/home
Completed in 2ms (View: 1, DB: 0) | 200 OK [http://localhost/pages/home]


Processing PagesController#home (for 127.0.0.1 at 2010-04-17 20:42:51) [GET]
Rendering template within layouts/application
Rendering pages/home
Completed in 2ms (View: 1, DB: 0) | 200 OK [http://localhost/pages/home]


Processing PagesController#home (for 127.0.0.1 at 2010-04-17 20:43:04) [GET]
Rendering template within layouts/application
Rendering pages/home
Completed in 2ms (View: 1, DB: 0) | 200 OK [http://localhost/pages/home]


Processing PagesController#home (for 127.0.0.1 at 2010-04-17 20:43:14) [GET]
Rendering template within layouts/application
Rendering pages/home
Completed in 2ms (View: 1, DB: 0) | 200 OK [http://localhost/pages/home]


Processing PagesController#home (for 127.0.0.1 at 2010-04-17 20:43:29) [GET]
Rendering template within layouts/application
Rendering pages/home
Completed in 2ms (View: 1, DB: 0) | 200 OK [http://localhost/pages/home]


Processing PagesController#home (for 127.0.0.1 at 2010-04-17 20:43:41) [GET]
Rendering template within layouts/application
Rendering pages/home
Completed in 2ms (View: 1, DB: 0) | 200 OK [http://localhost/pages/home]


Processing PagesController#home (for 127.0.0.1 at 2010-04-17 20:43:41) [GET]
Rendering template within layouts/application
Rendering pages/home
Completed in 2ms (View: 1, DB: 0) | 200 OK [http://localhost/pages/home]


Processing PagesController#home (for 127.0.0.1 at 2010-04-17 20:43:49) [GET]
Rendering template within layouts/application
Rendering pages/home
Completed in 2ms (View: 1, DB: 0) | 200 OK [http://localhost/pages/home]


Processing PagesController#home (for 127.0.0.1 at 2010-04-17 20:43:49) [GET]
Rendering template within layouts/application
Rendering pages/home
Completed in 2ms (View: 1, DB: 0) | 200 OK [http://localhost/pages/home]


Processing PagesController#home (for 127.0.0.1 at 2010-04-17 20:43:58) [GET]
Rendering template within layouts/application
Rendering pages/home
Completed in 2ms (View: 1, DB: 0) | 200 OK [http://localhost/pages/home]


Processing PagesController#home (for 127.0.0.1 at 2010-04-17 20:44:10) [GET]
Rendering template within layouts/application
Rendering pages/home
Completed in 3ms (View: 1, DB: 0) | 200 OK [http://localhost/pages/home]


Processing PagesController#home (for 127.0.0.1 at 2010-04-17 20:44:18) [GET]
Rendering template within layouts/application
Rendering pages/home
Completed in 2ms (View: 1, DB: 0) | 200 OK [http://localhost/pages/home]


Processing PagesController#home (for 127.0.0.1 at 2010-04-17 20:44:19) [GET]
Rendering template within layouts/application
Rendering pages/home
Completed in 2ms (View: 1, DB: 0) | 200 OK [http://localhost/pages/home]


Processing PagesController#home (for 127.0.0.1 at 2010-04-17 20:45:05) [GET]
Rendering template within layouts/application
Rendering pages/home
Completed in 2ms (View: 1, DB: 0) | 200 OK [http://localhost/pages/home]


Processing PagesController#home (for 127.0.0.1 at 2010-04-17 20:45:06) [GET]
Rendering template within layouts/application
Rendering pages/home
Completed in 2ms (View: 1, DB: 0) | 200 OK [http://localhost/pages/home]


Processing PagesController#home (for 127.0.0.1 at 2010-04-17 20:45:06) [GET]
Rendering template within layouts/application
Rendering pages/home
Completed in 2ms (View: 1, DB: 0) | 200 OK [http://localhost/pages/home]


Processing PagesController#home (for 127.0.0.1 at 2010-04-17 20:45:30) [GET]
Rendering template within layouts/application
Rendering pages/home
Completed in 2ms (View: 1, DB: 0) | 200 OK [http://localhost/pages/home]


Processing PagesController#home (for 127.0.0.1 at 2010-04-17 20:45:30) [GET]
Rendering template within layouts/application
Rendering pages/home
Completed in 2ms (View: 1, DB: 0) | 200 OK [http://localhost/pages/home]


Processing PagesController#home (for 127.0.0.1 at 2010-04-17 20:45:31) [GET]
Rendering template within layouts/application
Rendering pages/home
Completed in 2ms (View: 1, DB: 0) | 200 OK [http://localhost/pages/home]


Processing PagesController#home (for 127.0.0.1 at 2010-04-17 20:45:50) [GET]
Rendering template within layouts/application
Rendering pages/home
Completed in 11ms (View: 1, DB: 0) | 200 OK [http://localhost/pages/home]


Processing PagesController#home (for 127.0.0.1 at 2010-04-17 20:45:50) [GET]
Rendering template within layouts/application
Rendering pages/home
Completed in 2ms (View: 1, DB: 0) | 200 OK [http://localhost/pages/home]


Processing PagesController#home (for 127.0.0.1 at 2010-04-17 20:45:50) [GET]
Rendering template within layouts/application
Rendering pages/home
Completed in 2ms (View: 1, DB: 0) | 200 OK [http://localhost/pages/home]


Processing PagesController#home (for 127.0.0.1 at 2010-04-17 20:45:51) [GET]
Rendering template within layouts/application
Rendering pages/home
Completed in 2ms (View: 1, DB: 0) | 200 OK [http://localhost/pages/home]


Processing PagesController#home (for 127.0.0.1 at 2010-04-17 20:47:42) [GET]
Rendering template within layouts/application
Rendering pages/home
Completed in 2ms (View: 1, DB: 0) | 200 OK [http://localhost/pages/home]


Processing PagesController#home (for 127.0.0.1 at 2010-04-17 20:48:10) [GET]
Rendering template within layouts/application
Rendering pages/home
Completed in 2ms (View: 1, DB: 0) | 200 OK [http://localhost/pages/home]


Processing PagesController#home (for 127.0.0.1 at 2010-04-17 20:48:56) [GET]
Rendering template within layouts/application
Rendering pages/home
Completed in 2ms (View: 1, DB: 0) | 200 OK [http://localhost/pages/home]


Processing PagesController#home (for 127.0.0.1 at 2010-04-17 20:49:28) [GET]
Rendering template within layouts/application
Rendering pages/home
Completed in 3ms (View: 1, DB: 0) | 200 OK [http://localhost/pages/home]


Processing PagesController#home (for 127.0.0.1 at 2010-04-17 20:55:49) [GET]
Rendering template within layouts/application
Rendering pages/home
Completed in 2ms (View: 1, DB: 0) | 200 OK [http://localhost/pages/home]


Processing PagesController#home (for 127.0.0.1 at 2010-04-17 20:56:05) [GET]
Rendering template within layouts/application
Rendering pages/home
Completed in 2ms (View: 1, DB: 0) | 200 OK [http://localhost/pages/home]


Processing PagesController#home (for 127.0.0.1 at 2010-04-17 20:57:44) [GET]
Rendering template within layouts/application
Rendering pages/home
Completed in 2ms (View: 1, DB: 0) | 200 OK [http://localhost/pages/home]


Processing PagesController#home (for 127.0.0.1 at 2010-04-17 20:57:54) [GET]
Rendering template within layouts/application
Rendering pages/home
Completed in 2ms (View: 1, DB: 0) | 200 OK [http://localhost/pages/home]


Processing PagesController#home (for 127.0.0.1 at 2010-04-17 20:58:15) [GET]
Rendering template within layouts/application
Rendering pages/home
Completed in 2ms (View: 1, DB: 0) | 200 OK [http://localhost/pages/home]


Processing PagesController#home (for 127.0.0.1 at 2010-04-17 20:58:29) [GET]
Rendering template within layouts/application
Rendering pages/home
Completed in 2ms (View: 1, DB: 0) | 200 OK [http://localhost/pages/home]


Processing PagesController#home (for 127.0.0.1 at 2010-04-17 20:58:47) [GET]
Rendering template within layouts/application
Rendering pages/home
Completed in 2ms (View: 1, DB: 0) | 200 OK [http://localhost/pages/home]


Processing PagesController#home (for 127.0.0.1 at 2010-04-17 20:59:07) [GET]
Rendering template within layouts/application
Rendering pages/home
Completed in 2ms (View: 1, DB: 0) | 200 OK [http://localhost/pages/home]


Processing PagesController#home (for 127.0.0.1 at 2010-04-17 21:00:16) [GET]
Rendering template within layouts/application
Rendering pages/home
Completed in 2ms (View: 1, DB: 0) | 200 OK [http://localhost/pages/home]


Processing PagesController#home (for 127.0.0.1 at 2010-04-17 21:00:44) [GET]
Rendering template within layouts/application
Rendering pages/home
Completed in 2ms (View: 1, DB: 0) | 200 OK [http://localhost/pages/home]


Processing PagesController#home (for 127.0.0.1 at 2010-04-17 21:01:16) [GET]
Rendering template within layouts/application
Rendering pages/home
Completed in 2ms (View: 1, DB: 0) | 200 OK [http://localhost/pages/home]


Processing PagesController#home (for 127.0.0.1 at 2010-04-17 21:14:39) [GET]
Rendering template within layouts/application
Rendering pages/home
Completed in 5ms (View: 4, DB: 0) | 200 OK [http://localhost/pages/home]


Processing PagesController#home (for 127.0.0.1 at 2010-04-17 21:14:40) [GET]
Rendering template within layouts/application
Rendering pages/home
Completed in 2ms (View: 1, DB: 0) | 200 OK [http://localhost/pages/home]


Processing PagesController#home (for 127.0.0.1 at 2010-04-17 21:15:23) [GET]
Rendering template within layouts/application
Rendering pages/home
Completed in 6ms (View: 4, DB: 0) | 200 OK [http://localhost/pages/home]


Processing PagesController#home (for 127.0.0.1 at 2010-04-17 21:17:34) [GET]
Rendering template within layouts/application
Rendering pages/home
Completed in 20ms (View: 4, DB: 0) | 200 OK [http://localhost/pages/home]


Processing PagesController#home (for 127.0.0.1 at 2010-04-17 21:17:35) [GET]
Rendering template within layouts/application
Rendering pages/home
Completed in 3ms (View: 1, DB: 0) | 200 OK [http://localhost/pages/home]


Processing ApplicationController#home (for 127.0.0.1 at 2010-04-17 21:23:45) [GET]

NameError (uninitialized constant PageController):
  /usr/lib/ruby/1.8/webrick/httpserver.rb:104:in `service'
  /usr/lib/ruby/1.8/webrick/httpserver.rb:65:in `run'
  /usr/lib/ruby/1.8/webrick/server.rb:173:in `start_thread'
  /usr/lib/ruby/1.8/webrick/server.rb:162:in `start'
  /usr/lib/ruby/1.8/webrick/server.rb:162:in `start_thread'
  /usr/lib/ruby/1.8/webrick/server.rb:95:in `start'
  /usr/lib/ruby/1.8/webrick/server.rb:92:in `each'
  /usr/lib/ruby/1.8/webrick/server.rb:92:in `start'
  /usr/lib/ruby/1.8/webrick/server.rb:23:in `start'
  /usr/lib/ruby/1.8/webrick/server.rb:82:in `start'

Rendered rescues/_trace (27.0ms)
Rendered rescues/_request_and_response (0.3ms)
Rendering rescues/layout (internal_server_error)


Processing PageController#home (for 127.0.0.1 at 2010-04-17 21:29:29) [GET]

ActionView::MissingTemplate (Missing template page/home.erb in view path app/views):
  haml (2.2.20) rails/./lib/sass/plugin/rails.rb:20:in `process'
  /usr/lib/ruby/1.8/webrick/httpserver.rb:104:in `service'
  /usr/lib/ruby/1.8/webrick/httpserver.rb:65:in `run'
  /usr/lib/ruby/1.8/webrick/server.rb:173:in `start_thread'
  /usr/lib/ruby/1.8/webrick/server.rb:162:in `start'
  /usr/lib/ruby/1.8/webrick/server.rb:162:in `start_thread'
  /usr/lib/ruby/1.8/webrick/server.rb:95:in `start'
  /usr/lib/ruby/1.8/webrick/server.rb:92:in `each'
  /usr/lib/ruby/1.8/webrick/server.rb:92:in `start'
  /usr/lib/ruby/1.8/webrick/server.rb:23:in `start'
  /usr/lib/ruby/1.8/webrick/server.rb:82:in `start'

Rendering rescues/layout (internal_server_error)


Processing PageController#home (for 127.0.0.1 at 2010-04-17 21:29:30) [GET]

ActionView::MissingTemplate (Missing template page/home.erb in view path app/views):
  haml (2.2.20) rails/./lib/sass/plugin/rails.rb:20:in `process'
  /usr/lib/ruby/1.8/webrick/httpserver.rb:104:in `service'
  /usr/lib/ruby/1.8/webrick/httpserver.rb:65:in `run'
  /usr/lib/ruby/1.8/webrick/server.rb:173:in `start_thread'
  /usr/lib/ruby/1.8/webrick/server.rb:162:in `start'
  /usr/lib/ruby/1.8/webrick/server.rb:162:in `start_thread'
  /usr/lib/ruby/1.8/webrick/server.rb:95:in `start'
  /usr/lib/ruby/1.8/webrick/server.rb:92:in `each'
  /usr/lib/ruby/1.8/webrick/server.rb:92:in `start'
  /usr/lib/ruby/1.8/webrick/server.rb:23:in `start'
  /usr/lib/ruby/1.8/webrick/server.rb:82:in `start'

Rendering rescues/layout (internal_server_error)


Processing ApplicationController#index (for 127.0.0.1 at 2010-04-17 21:32:46) [GET]

ActionController::RoutingError (No route matches "/page/home" with {:method=>:get}):
  /usr/lib/ruby/1.8/webrick/httpserver.rb:104:in `service'
  /usr/lib/ruby/1.8/webrick/httpserver.rb:65:in `run'
  /usr/lib/ruby/1.8/webrick/server.rb:173:in `start_thread'
  /usr/lib/ruby/1.8/webrick/server.rb:162:in `start'
  /usr/lib/ruby/1.8/webrick/server.rb:162:in `start_thread'
  /usr/lib/ruby/1.8/webrick/server.rb:95:in `start'
  /usr/lib/ruby/1.8/webrick/server.rb:92:in `each'
  /usr/lib/ruby/1.8/webrick/server.rb:92:in `start'
  /usr/lib/ruby/1.8/webrick/server.rb:23:in `start'
  /usr/lib/ruby/1.8/webrick/server.rb:82:in `start'

Rendering rescues/layout (not_found)


Processing ApplicationController#index (for 127.0.0.1 at 2010-04-17 21:33:43) [GET]

ActionController::RoutingError (No route matches "/pagea/home" with {:method=>:get}):
  /usr/lib/ruby/1.8/webrick/httpserver.rb:104:in `service'
  /usr/lib/ruby/1.8/webrick/httpserver.rb:65:in `run'
  /usr/lib/ruby/1.8/webrick/server.rb:173:in `start_thread'
  /usr/lib/ruby/1.8/webrick/server.rb:162:in `start'
  /usr/lib/ruby/1.8/webrick/server.rb:162:in `start_thread'
  /usr/lib/ruby/1.8/webrick/server.rb:95:in `start'
  /usr/lib/ruby/1.8/webrick/server.rb:92:in `each'
  /usr/lib/ruby/1.8/webrick/server.rb:92:in `start'
  /usr/lib/ruby/1.8/webrick/server.rb:23:in `start'
  /usr/lib/ruby/1.8/webrick/server.rb:82:in `start'

Rendering rescues/layout (not_found)


Processing ApplicationController#index (for 127.0.0.1 at 2010-04-17 21:33:46) [GET]

ActionController::RoutingError (No route matches "/pages/home" with {:method=>:get}):
  /usr/lib/ruby/1.8/webrick/httpserver.rb:104:in `service'
  /usr/lib/ruby/1.8/webrick/httpserver.rb:65:in `run'
  /usr/lib/ruby/1.8/webrick/server.rb:173:in `start_thread'
  /usr/lib/ruby/1.8/webrick/server.rb:162:in `start'
  /usr/lib/ruby/1.8/webrick/server.rb:162:in `start_thread'
  /usr/lib/ruby/1.8/webrick/server.rb:95:in `start'
  /usr/lib/ruby/1.8/webrick/server.rb:92:in `each'
  /usr/lib/ruby/1.8/webrick/server.rb:92:in `start'
  /usr/lib/ruby/1.8/webrick/server.rb:23:in `start'
  /usr/lib/ruby/1.8/webrick/server.rb:82:in `start'

Rendering rescues/layout (not_found)


Processing ApplicationController#index (for 127.0.0.1 at 2010-04-17 21:34:15) [GET]

ActionController::RoutingError (No route matches "/pages/home" with {:method=>:get}):
  /usr/lib/ruby/1.8/webrick/httpserver.rb:104:in `service'
  /usr/lib/ruby/1.8/webrick/httpserver.rb:65:in `run'
  /usr/lib/ruby/1.8/webrick/server.rb:173:in `start_thread'
  /usr/lib/ruby/1.8/webrick/server.rb:162:in `start'
  /usr/lib/ruby/1.8/webrick/server.rb:162:in `start_thread'
  /usr/lib/ruby/1.8/webrick/server.rb:95:in `start'
  /usr/lib/ruby/1.8/webrick/server.rb:92:in `each'
  /usr/lib/ruby/1.8/webrick/server.rb:92:in `start'
  /usr/lib/ruby/1.8/webrick/server.rb:23:in `start'
  /usr/lib/ruby/1.8/webrick/server.rb:82:in `start'

Rendering rescues/layout (not_found)


Processing ApplicationController#home (for 127.0.0.1 at 2010-04-17 21:34:20) [GET]

NameError (uninitialized constant PagesController):
  /usr/lib/ruby/1.8/webrick/httpserver.rb:104:in `service'
  /usr/lib/ruby/1.8/webrick/httpserver.rb:65:in `run'
  /usr/lib/ruby/1.8/webrick/server.rb:173:in `start_thread'
  /usr/lib/ruby/1.8/webrick/server.rb:162:in `start'
  /usr/lib/ruby/1.8/webrick/server.rb:162:in `start_thread'
  /usr/lib/ruby/1.8/webrick/server.rb:95:in `start'
  /usr/lib/ruby/1.8/webrick/server.rb:92:in `each'
  /usr/lib/ruby/1.8/webrick/server.rb:92:in `start'
  /usr/lib/ruby/1.8/webrick/server.rb:23:in `start'
  /usr/lib/ruby/1.8/webrick/server.rb:82:in `start'

Rendered rescues/_trace (20.5ms)
Rendered rescues/_request_and_response (0.3ms)
Rendering rescues/layout (internal_server_error)


Processing PagesController#home (for 127.0.0.1 at 2010-04-17 21:34:43) [GET]
Rendering template within layouts/application
Rendering pages/home
Completed in 2ms (View: 1, DB: 0) | 200 OK [http://localhost/]


Processing PagesController#home (for 127.0.0.1 at 2010-04-17 21:42:31) [GET]
Rendering template within layouts/application
Rendering pages/home

ActionView::TemplateError (Illegal element: classes and ids must have values.) on line #15 of app/views/layouts/application.html.haml:
12:       =link_to 'shared by Google', :href => "http://code.google.com/policies.html" 
13:       and used according to terms described in the 
14:       =link_to 'Creative Commons 3.0 Attribution License', :href => "http://creativecommons.org/licenses/by/3.0/"
15:       .

    app/views/layouts/application.html.haml:15
    haml (2.2.20) lib/haml/precompiler.rb:696:in `render_tag'
    haml (2.2.20) lib/haml/precompiler.rb:824:in `render_div'
    haml (2.2.20) lib/haml/precompiler.rb:228:in `process_line'
    haml (2.2.20) lib/haml/precompiler.rb:196:in `precompile'
    haml (2.2.20) lib/haml/engine.rb:114:in `initialize'
    haml (2.2.20) rails/./lib/haml/template/plugin.rb:27:in `new'
    haml (2.2.20) rails/./lib/haml/template/plugin.rb:27:in `compile'
    haml (2.2.20) lib/haml/helpers/action_view_mods.rb:13:in `render'
    haml (2.2.20) lib/haml/helpers/action_view_mods.rb:13:in `render'
    haml (2.2.20) rails/./lib/sass/plugin/rails.rb:20:in `process'
    /usr/lib/ruby/1.8/webrick/httpserver.rb:104:in `service'
    /usr/lib/ruby/1.8/webrick/httpserver.rb:65:in `run'
    /usr/lib/ruby/1.8/webrick/server.rb:173:in `start_thread'
    /usr/lib/ruby/1.8/webrick/server.rb:162:in `start'
    /usr/lib/ruby/1.8/webrick/server.rb:162:in `start_thread'
    /usr/lib/ruby/1.8/webrick/server.rb:95:in `start'
    /usr/lib/ruby/1.8/webrick/server.rb:92:in `each'
    /usr/lib/ruby/1.8/webrick/server.rb:92:in `start'
    /usr/lib/ruby/1.8/webrick/server.rb:23:in `start'
    /usr/lib/ruby/1.8/webrick/server.rb:82:in `start'

Rendered rescues/_trace (90.1ms)
Rendered rescues/_request_and_response (0.3ms)
Rendering rescues/layout (internal_server_error)


Processing PagesController#home (for 127.0.0.1 at 2010-04-17 21:42:32) [GET]
Rendering template within layouts/application
Rendering pages/home

ActionView::TemplateError (Illegal element: classes and ids must have values.) on line #15 of app/views/layouts/application.html.haml:
12:       =link_to 'shared by Google', :href => "http://code.google.com/policies.html" 
13:       and used according to terms described in the 
14:       =link_to 'Creative Commons 3.0 Attribution License', :href => "http://creativecommons.org/licenses/by/3.0/"
15:       .

    app/views/layouts/application.html.haml:15
    haml (2.2.20) lib/haml/precompiler.rb:696:in `render_tag'
    haml (2.2.20) lib/haml/precompiler.rb:824:in `render_div'
    haml (2.2.20) lib/haml/precompiler.rb:228:in `process_line'
    haml (2.2.20) lib/haml/precompiler.rb:196:in `precompile'
    haml (2.2.20) lib/haml/engine.rb:114:in `initialize'
    haml (2.2.20) rails/./lib/haml/template/plugin.rb:27:in `new'
    haml (2.2.20) rails/./lib/haml/template/plugin.rb:27:in `compile'
    haml (2.2.20) lib/haml/helpers/action_view_mods.rb:13:in `render'
    haml (2.2.20) lib/haml/helpers/action_view_mods.rb:13:in `render'
    haml (2.2.20) rails/./lib/sass/plugin/rails.rb:20:in `process'
    /usr/lib/ruby/1.8/webrick/httpserver.rb:104:in `service'
    /usr/lib/ruby/1.8/webrick/httpserver.rb:65:in `run'
    /usr/lib/ruby/1.8/webrick/server.rb:173:in `start_thread'
    /usr/lib/ruby/1.8/webrick/server.rb:162:in `start'
    /usr/lib/ruby/1.8/webrick/server.rb:162:in `start_thread'
    /usr/lib/ruby/1.8/webrick/server.rb:95:in `start'
    /usr/lib/ruby/1.8/webrick/server.rb:92:in `each'
    /usr/lib/ruby/1.8/webrick/server.rb:92:in `start'
    /usr/lib/ruby/1.8/webrick/server.rb:23:in `start'
    /usr/lib/ruby/1.8/webrick/server.rb:82:in `start'

Rendered rescues/_trace (32.7ms)
Rendered rescues/_request_and_response (0.3ms)
Rendering rescues/layout (internal_server_error)


Processing PagesController#home (for 127.0.0.1 at 2010-04-17 21:42:32) [GET]
Rendering template within layouts/application
Rendering pages/home

ActionView::TemplateError (Illegal element: classes and ids must have values.) on line #15 of app/views/layouts/application.html.haml:
12:       =link_to 'shared by Google', :href => "http://code.google.com/policies.html" 
13:       and used according to terms described in the 
14:       =link_to 'Creative Commons 3.0 Attribution License', :href => "http://creativecommons.org/licenses/by/3.0/"
15:       .

    app/views/layouts/application.html.haml:15
    haml (2.2.20) lib/haml/precompiler.rb:696:in `render_tag'
    haml (2.2.20) lib/haml/precompiler.rb:824:in `render_div'
    haml (2.2.20) lib/haml/precompiler.rb:228:in `process_line'
    haml (2.2.20) lib/haml/precompiler.rb:196:in `precompile'
    haml (2.2.20) lib/haml/engine.rb:114:in `initialize'
    haml (2.2.20) rails/./lib/haml/template/plugin.rb:27:in `new'
    haml (2.2.20) rails/./lib/haml/template/plugin.rb:27:in `compile'
    haml (2.2.20) lib/haml/helpers/action_view_mods.rb:13:in `render'
    haml (2.2.20) lib/haml/helpers/action_view_mods.rb:13:in `render'
    haml (2.2.20) rails/./lib/sass/plugin/rails.rb:20:in `process'
    /usr/lib/ruby/1.8/webrick/httpserver.rb:104:in `service'
    /usr/lib/ruby/1.8/webrick/httpserver.rb:65:in `run'
    /usr/lib/ruby/1.8/webrick/server.rb:173:in `start_thread'
    /usr/lib/ruby/1.8/webrick/server.rb:162:in `start'
    /usr/lib/ruby/1.8/webrick/server.rb:162:in `start_thread'
    /usr/lib/ruby/1.8/webrick/server.rb:95:in `start'
    /usr/lib/ruby/1.8/webrick/server.rb:92:in `each'
    /usr/lib/ruby/1.8/webrick/server.rb:92:in `start'
    /usr/lib/ruby/1.8/webrick/server.rb:23:in `start'
    /usr/lib/ruby/1.8/webrick/server.rb:82:in `start'

Rendered rescues/_trace (95.5ms)
Rendered rescues/_request_and_response (0.3ms)
Rendering rescues/layout (internal_server_error)


Processing PagesController#home (for 127.0.0.1 at 2010-04-17 21:43:38) [GET]
Rendering template within layouts/application
Rendering pages/home

ActionView::TemplateError (Illegal element: classes and ids must have values.) on line #15 of app/views/layouts/application.html.haml:
12:       =link_to('shared by Google', :href => "http://code.google.com/policies.html")
13:       and used according to terms described in the 
14:       =link_to('Creative Commons 3.0 Attribution License', :href => "http://creativecommons.org/licenses/by/3.0/")
15:       .

    app/views/layouts/application.html.haml:15
    haml (2.2.20) lib/haml/precompiler.rb:696:in `render_tag'
    haml (2.2.20) lib/haml/precompiler.rb:824:in `render_div'
    haml (2.2.20) lib/haml/precompiler.rb:228:in `process_line'
    haml (2.2.20) lib/haml/precompiler.rb:196:in `precompile'
    haml (2.2.20) lib/haml/engine.rb:114:in `initialize'
    haml (2.2.20) rails/./lib/haml/template/plugin.rb:27:in `new'
    haml (2.2.20) rails/./lib/haml/template/plugin.rb:27:in `compile'
    haml (2.2.20) lib/haml/helpers/action_view_mods.rb:13:in `render'
    haml (2.2.20) lib/haml/helpers/action_view_mods.rb:13:in `render'
    haml (2.2.20) rails/./lib/sass/plugin/rails.rb:20:in `process'
    /usr/lib/ruby/1.8/webrick/httpserver.rb:104:in `service'
    /usr/lib/ruby/1.8/webrick/httpserver.rb:65:in `run'
    /usr/lib/ruby/1.8/webrick/server.rb:173:in `start_thread'
    /usr/lib/ruby/1.8/webrick/server.rb:162:in `start'
    /usr/lib/ruby/1.8/webrick/server.rb:162:in `start_thread'
    /usr/lib/ruby/1.8/webrick/server.rb:95:in `start'
    /usr/lib/ruby/1.8/webrick/server.rb:92:in `each'
    /usr/lib/ruby/1.8/webrick/server.rb:92:in `start'
    /usr/lib/ruby/1.8/webrick/server.rb:23:in `start'
    /usr/lib/ruby/1.8/webrick/server.rb:82:in `start'

Rendered rescues/_trace (32.2ms)
Rendered rescues/_request_and_response (0.3ms)
Rendering rescues/layout (internal_server_error)


Processing PagesController#home (for 127.0.0.1 at 2010-04-17 21:43:38) [GET]
Rendering template within layouts/application
Rendering pages/home

ActionView::TemplateError (Illegal element: classes and ids must have values.) on line #15 of app/views/layouts/application.html.haml:
12:       =link_to('shared by Google', :href => "http://code.google.com/policies.html")
13:       and used according to terms described in the 
14:       =link_to('Creative Commons 3.0 Attribution License', :href => "http://creativecommons.org/licenses/by/3.0/")
15:       .

    app/views/layouts/application.html.haml:15
    haml (2.2.20) lib/haml/precompiler.rb:696:in `render_tag'
    haml (2.2.20) lib/haml/precompiler.rb:824:in `render_div'
    haml (2.2.20) lib/haml/precompiler.rb:228:in `process_line'
    haml (2.2.20) lib/haml/precompiler.rb:196:in `precompile'
    haml (2.2.20) lib/haml/engine.rb:114:in `initialize'
    haml (2.2.20) rails/./lib/haml/template/plugin.rb:27:in `new'
    haml (2.2.20) rails/./lib/haml/template/plugin.rb:27:in `compile'
    haml (2.2.20) lib/haml/helpers/action_view_mods.rb:13:in `render'
    haml (2.2.20) lib/haml/helpers/action_view_mods.rb:13:in `render'
    haml (2.2.20) rails/./lib/sass/plugin/rails.rb:20:in `process'
    /usr/lib/ruby/1.8/webrick/httpserver.rb:104:in `service'
    /usr/lib/ruby/1.8/webrick/httpserver.rb:65:in `run'
    /usr/lib/ruby/1.8/webrick/server.rb:173:in `start_thread'
    /usr/lib/ruby/1.8/webrick/server.rb:162:in `start'
    /usr/lib/ruby/1.8/webrick/server.rb:162:in `start_thread'
    /usr/lib/ruby/1.8/webrick/server.rb:95:in `start'
    /usr/lib/ruby/1.8/webrick/server.rb:92:in `each'
    /usr/lib/ruby/1.8/webrick/server.rb:92:in `start'
    /usr/lib/ruby/1.8/webrick/server.rb:23:in `start'
    /usr/lib/ruby/1.8/webrick/server.rb:82:in `start'

Rendered rescues/_trace (33.5ms)
Rendered rescues/_request_and_response (0.3ms)
Rendering rescues/layout (internal_server_error)


Processing PagesController#home (for 127.0.0.1 at 2010-04-17 21:43:39) [GET]
Rendering template within layouts/application
Rendering pages/home

ActionView::TemplateError (Illegal element: classes and ids must have values.) on line #15 of app/views/layouts/application.html.haml:
12:       =link_to('shared by Google', :href => "http://code.google.com/policies.html")
13:       and used according to terms described in the 
14:       =link_to('Creative Commons 3.0 Attribution License', :href => "http://creativecommons.org/licenses/by/3.0/")
15:       .

    app/views/layouts/application.html.haml:15
    haml (2.2.20) lib/haml/precompiler.rb:696:in `render_tag'
    haml (2.2.20) lib/haml/precompiler.rb:824:in `render_div'
    haml (2.2.20) lib/haml/precompiler.rb:228:in `process_line'
    haml (2.2.20) lib/haml/precompiler.rb:196:in `precompile'
    haml (2.2.20) lib/haml/engine.rb:114:in `initialize'
    haml (2.2.20) rails/./lib/haml/template/plugin.rb:27:in `new'
    haml (2.2.20) rails/./lib/haml/template/plugin.rb:27:in `compile'
    haml (2.2.20) lib/haml/helpers/action_view_mods.rb:13:in `render'
    haml (2.2.20) lib/haml/helpers/action_view_mods.rb:13:in `render'
    haml (2.2.20) rails/./lib/sass/plugin/rails.rb:20:in `process'
    /usr/lib/ruby/1.8/webrick/httpserver.rb:104:in `service'
    /usr/lib/ruby/1.8/webrick/httpserver.rb:65:in `run'
    /usr/lib/ruby/1.8/webrick/server.rb:173:in `start_thread'
    /usr/lib/ruby/1.8/webrick/server.rb:162:in `start'
    /usr/lib/ruby/1.8/webrick/server.rb:162:in `start_thread'
    /usr/lib/ruby/1.8/webrick/server.rb:95:in `start'
    /usr/lib/ruby/1.8/webrick/server.rb:92:in `each'
    /usr/lib/ruby/1.8/webrick/server.rb:92:in `start'
    /usr/lib/ruby/1.8/webrick/server.rb:23:in `start'
    /usr/lib/ruby/1.8/webrick/server.rb:82:in `start'

Rendered rescues/_trace (96.7ms)
Rendered rescues/_request_and_response (0.3ms)
Rendering rescues/layout (internal_server_error)


Processing PagesController#home (for 127.0.0.1 at 2010-04-17 21:45:00) [GET]
Rendering template within layouts/application
Rendering pages/home

ActionView::TemplateError (Illegal element: classes and ids must have values.) on line #15 of app/views/layouts/application.html.haml:
12:       =link_to 'shared by Google', "http://code.google.com/policies.html"
13:       and used according to terms described in the 
14:       =link_to 'Creative Commons 3.0 Attribution License', "http://creativecommons.org/licenses/by/3.0/"
15:       .

    app/views/layouts/application.html.haml:15
    haml (2.2.20) lib/haml/precompiler.rb:696:in `render_tag'
    haml (2.2.20) lib/haml/precompiler.rb:824:in `render_div'
    haml (2.2.20) lib/haml/precompiler.rb:228:in `process_line'
    haml (2.2.20) lib/haml/precompiler.rb:196:in `precompile'
    haml (2.2.20) lib/haml/engine.rb:114:in `initialize'
    haml (2.2.20) rails/./lib/haml/template/plugin.rb:27:in `new'
    haml (2.2.20) rails/./lib/haml/template/plugin.rb:27:in `compile'
    haml (2.2.20) lib/haml/helpers/action_view_mods.rb:13:in `render'
    haml (2.2.20) lib/haml/helpers/action_view_mods.rb:13:in `render'
    haml (2.2.20) rails/./lib/sass/plugin/rails.rb:20:in `process'
    /usr/lib/ruby/1.8/webrick/httpserver.rb:104:in `service'
    /usr/lib/ruby/1.8/webrick/httpserver.rb:65:in `run'
    /usr/lib/ruby/1.8/webrick/server.rb:173:in `start_thread'
    /usr/lib/ruby/1.8/webrick/server.rb:162:in `start'
    /usr/lib/ruby/1.8/webrick/server.rb:162:in `start_thread'
    /usr/lib/ruby/1.8/webrick/server.rb:95:in `start'
    /usr/lib/ruby/1.8/webrick/server.rb:92:in `each'
    /usr/lib/ruby/1.8/webrick/server.rb:92:in `start'
    /usr/lib/ruby/1.8/webrick/server.rb:23:in `start'
    /usr/lib/ruby/1.8/webrick/server.rb:82:in `start'

Rendered rescues/_trace (33.0ms)
Rendered rescues/_request_and_response (0.3ms)
Rendering rescues/layout (internal_server_error)


Processing PagesController#home (for 127.0.0.1 at 2010-04-17 21:45:00) [GET]
Rendering template within layouts/application
Rendering pages/home

ActionView::TemplateError (Illegal element: classes and ids must have values.) on line #15 of app/views/layouts/application.html.haml:
12:       =link_to 'shared by Google', "http://code.google.com/policies.html"
13:       and used according to terms described in the 
14:       =link_to 'Creative Commons 3.0 Attribution License', "http://creativecommons.org/licenses/by/3.0/"
15:       .

    app/views/layouts/application.html.haml:15
    haml (2.2.20) lib/haml/precompiler.rb:696:in `render_tag'
    haml (2.2.20) lib/haml/precompiler.rb:824:in `render_div'
    haml (2.2.20) lib/haml/precompiler.rb:228:in `process_line'
    haml (2.2.20) lib/haml/precompiler.rb:196:in `precompile'
    haml (2.2.20) lib/haml/engine.rb:114:in `initialize'
    haml (2.2.20) rails/./lib/haml/template/plugin.rb:27:in `new'
    haml (2.2.20) rails/./lib/haml/template/plugin.rb:27:in `compile'
    haml (2.2.20) lib/haml/helpers/action_view_mods.rb:13:in `render'
    haml (2.2.20) lib/haml/helpers/action_view_mods.rb:13:in `render'
    haml (2.2.20) rails/./lib/sass/plugin/rails.rb:20:in `process'
    /usr/lib/ruby/1.8/webrick/httpserver.rb:104:in `service'
    /usr/lib/ruby/1.8/webrick/httpserver.rb:65:in `run'
    /usr/lib/ruby/1.8/webrick/server.rb:173:in `start_thread'
    /usr/lib/ruby/1.8/webrick/server.rb:162:in `start'
    /usr/lib/ruby/1.8/webrick/server.rb:162:in `start_thread'
    /usr/lib/ruby/1.8/webrick/server.rb:95:in `start'
    /usr/lib/ruby/1.8/webrick/server.rb:92:in `each'
    /usr/lib/ruby/1.8/webrick/server.rb:92:in `start'
    /usr/lib/ruby/1.8/webrick/server.rb:23:in `start'
    /usr/lib/ruby/1.8/webrick/server.rb:82:in `start'

Rendered rescues/_trace (94.2ms)
Rendered rescues/_request_and_response (0.3ms)
Rendering rescues/layout (internal_server_error)


Processing PagesController#home (for 127.0.0.1 at 2010-04-17 21:45:00) [GET]
Rendering template within layouts/application
Rendering pages/home

ActionView::TemplateError (Illegal element: classes and ids must have values.) on line #15 of app/views/layouts/application.html.haml:
12:       =link_to 'shared by Google', "http://code.google.com/policies.html"
13:       and used according to terms described in the 
14:       =link_to 'Creative Commons 3.0 Attribution License', "http://creativecommons.org/licenses/by/3.0/"
15:       .

    app/views/layouts/application.html.haml:15
    haml (2.2.20) lib/haml/precompiler.rb:696:in `render_tag'
    haml (2.2.20) lib/haml/precompiler.rb:824:in `render_div'
    haml (2.2.20) lib/haml/precompiler.rb:228:in `process_line'
    haml (2.2.20) lib/haml/precompiler.rb:196:in `precompile'
    haml (2.2.20) lib/haml/engine.rb:114:in `initialize'
    haml (2.2.20) rails/./lib/haml/template/plugin.rb:27:in `new'
    haml (2.2.20) rails/./lib/haml/template/plugin.rb:27:in `compile'
    haml (2.2.20) lib/haml/helpers/action_view_mods.rb:13:in `render'
    haml (2.2.20) lib/haml/helpers/action_view_mods.rb:13:in `render'
    haml (2.2.20) rails/./lib/sass/plugin/rails.rb:20:in `process'
    /usr/lib/ruby/1.8/webrick/httpserver.rb:104:in `service'
    /usr/lib/ruby/1.8/webrick/httpserver.rb:65:in `run'
    /usr/lib/ruby/1.8/webrick/server.rb:173:in `start_thread'
    /usr/lib/ruby/1.8/webrick/server.rb:162:in `start'
    /usr/lib/ruby/1.8/webrick/server.rb:162:in `start_thread'
    /usr/lib/ruby/1.8/webrick/server.rb:95:in `start'
    /usr/lib/ruby/1.8/webrick/server.rb:92:in `each'
    /usr/lib/ruby/1.8/webrick/server.rb:92:in `start'
    /usr/lib/ruby/1.8/webrick/server.rb:23:in `start'
    /usr/lib/ruby/1.8/webrick/server.rb:82:in `start'

Rendered rescues/_trace (32.2ms)
Rendered rescues/_request_and_response (0.3ms)
Rendering rescues/layout (internal_server_error)


Processing PagesController#home (for 127.0.0.1 at 2010-04-17 21:45:01) [GET]
Rendering template within layouts/application
Rendering pages/home

ActionView::TemplateError (Illegal element: classes and ids must have values.) on line #15 of app/views/layouts/application.html.haml:
12:       =link_to 'shared by Google', "http://code.google.com/policies.html"
13:       and used according to terms described in the 
14:       =link_to 'Creative Commons 3.0 Attribution License', "http://creativecommons.org/licenses/by/3.0/"
15:       .

    app/views/layouts/application.html.haml:15
    haml (2.2.20) lib/haml/precompiler.rb:696:in `render_tag'
    haml (2.2.20) lib/haml/precompiler.rb:824:in `render_div'
    haml (2.2.20) lib/haml/precompiler.rb:228:in `process_line'
    haml (2.2.20) lib/haml/precompiler.rb:196:in `precompile'
    haml (2.2.20) lib/haml/engine.rb:114:in `initialize'
    haml (2.2.20) rails/./lib/haml/template/plugin.rb:27:in `new'
    haml (2.2.20) rails/./lib/haml/template/plugin.rb:27:in `compile'
    haml (2.2.20) lib/haml/helpers/action_view_mods.rb:13:in `render'
    haml (2.2.20) lib/haml/helpers/action_view_mods.rb:13:in `render'
    haml (2.2.20) rails/./lib/sass/plugin/rails.rb:20:in `process'
    /usr/lib/ruby/1.8/webrick/httpserver.rb:104:in `service'
    /usr/lib/ruby/1.8/webrick/httpserver.rb:65:in `run'
    /usr/lib/ruby/1.8/webrick/server.rb:173:in `start_thread'
    /usr/lib/ruby/1.8/webrick/server.rb:162:in `start'
    /usr/lib/ruby/1.8/webrick/server.rb:162:in `start_thread'
    /usr/lib/ruby/1.8/webrick/server.rb:95:in `start'
    /usr/lib/ruby/1.8/webrick/server.rb:92:in `each'
    /usr/lib/ruby/1.8/webrick/server.rb:92:in `start'
    /usr/lib/ruby/1.8/webrick/server.rb:23:in `start'
    /usr/lib/ruby/1.8/webrick/server.rb:82:in `start'

Rendered rescues/_trace (33.4ms)
Rendered rescues/_request_and_response (0.3ms)
Rendering rescues/layout (internal_server_error)


Processing PagesController#home (for 127.0.0.1 at 2010-04-17 21:46:11) [GET]
Rendering template within layouts/application
Rendering pages/home

ActionView::TemplateError (Illegal element: classes and ids must have values.) on line #15 of app/views/layouts/application.html.haml:
12:       =link_to( 'shared by Google', "http://code.google.com/policies.html" )
13:       and used according to terms described in the 
14:       =link_to( 'Creative Commons 3.0 Attribution License', "http://creativecommons.org/licenses/by/3.0/" )
15:       .

    app/views/layouts/application.html.haml:15
    haml (2.2.20) lib/haml/precompiler.rb:696:in `render_tag'
    haml (2.2.20) lib/haml/precompiler.rb:824:in `render_div'
    haml (2.2.20) lib/haml/precompiler.rb:228:in `process_line'
    haml (2.2.20) lib/haml/precompiler.rb:196:in `precompile'
    haml (2.2.20) lib/haml/engine.rb:114:in `initialize'
    haml (2.2.20) rails/./lib/haml/template/plugin.rb:27:in `new'
    haml (2.2.20) rails/./lib/haml/template/plugin.rb:27:in `compile'
    haml (2.2.20) lib/haml/helpers/action_view_mods.rb:13:in `render'
    haml (2.2.20) lib/haml/helpers/action_view_mods.rb:13:in `render'
    haml (2.2.20) rails/./lib/sass/plugin/rails.rb:20:in `process'
    /usr/lib/ruby/1.8/webrick/httpserver.rb:104:in `service'
    /usr/lib/ruby/1.8/webrick/httpserver.rb:65:in `run'
    /usr/lib/ruby/1.8/webrick/server.rb:173:in `start_thread'
    /usr/lib/ruby/1.8/webrick/server.rb:162:in `start'
    /usr/lib/ruby/1.8/webrick/server.rb:162:in `start_thread'
    /usr/lib/ruby/1.8/webrick/server.rb:95:in `start'
    /usr/lib/ruby/1.8/webrick/server.rb:92:in `each'
    /usr/lib/ruby/1.8/webrick/server.rb:92:in `start'
    /usr/lib/ruby/1.8/webrick/server.rb:23:in `start'
    /usr/lib/ruby/1.8/webrick/server.rb:82:in `start'

Rendered rescues/_trace (86.7ms)
Rendered rescues/_request_and_response (0.3ms)
Rendering rescues/layout (internal_server_error)


Processing PagesController#home (for 127.0.0.1 at 2010-04-17 21:46:12) [GET]
Rendering template within layouts/application
Rendering pages/home

ActionView::TemplateError (Illegal element: classes and ids must have values.) on line #15 of app/views/layouts/application.html.haml:
12:       =link_to( 'shared by Google', "http://code.google.com/policies.html" )
13:       and used according to terms described in the 
14:       =link_to( 'Creative Commons 3.0 Attribution License', "http://creativecommons.org/licenses/by/3.0/" )
15:       .

    app/views/layouts/application.html.haml:15
    haml (2.2.20) lib/haml/precompiler.rb:696:in `render_tag'
    haml (2.2.20) lib/haml/precompiler.rb:824:in `render_div'
    haml (2.2.20) lib/haml/precompiler.rb:228:in `process_line'
    haml (2.2.20) lib/haml/precompiler.rb:196:in `precompile'
    haml (2.2.20) lib/haml/engine.rb:114:in `initialize'
    haml (2.2.20) rails/./lib/haml/template/plugin.rb:27:in `new'
    haml (2.2.20) rails/./lib/haml/template/plugin.rb:27:in `compile'
    haml (2.2.20) lib/haml/helpers/action_view_mods.rb:13:in `render'
    haml (2.2.20) lib/haml/helpers/action_view_mods.rb:13:in `render'
    haml (2.2.20) rails/./lib/sass/plugin/rails.rb:20:in `process'
    /usr/lib/ruby/1.8/webrick/httpserver.rb:104:in `service'
    /usr/lib/ruby/1.8/webrick/httpserver.rb:65:in `run'
    /usr/lib/ruby/1.8/webrick/server.rb:173:in `start_thread'
    /usr/lib/ruby/1.8/webrick/server.rb:162:in `start'
    /usr/lib/ruby/1.8/webrick/server.rb:162:in `start_thread'
    /usr/lib/ruby/1.8/webrick/server.rb:95:in `start'
    /usr/lib/ruby/1.8/webrick/server.rb:92:in `each'
    /usr/lib/ruby/1.8/webrick/server.rb:92:in `start'
    /usr/lib/ruby/1.8/webrick/server.rb:23:in `start'
    /usr/lib/ruby/1.8/webrick/server.rb:82:in `start'

Rendered rescues/_trace (32.7ms)
Rendered rescues/_request_and_response (0.3ms)
Rendering rescues/layout (internal_server_error)


Processing PagesController#home (for 127.0.0.1 at 2010-04-17 21:46:57) [GET]
Rendering template within layouts/application
Rendering pages/home

ActionView::TemplateError (Illegal element: classes and ids must have values.) on line #15 of app/views/layouts/application.html.haml:
12:       <%=link_to( 'shared by Google', "http://code.google.com/policies.html" )%>
13:       and used according to terms described in the 
14:       <%=link_to( 'Creative Commons 3.0 Attribution License', "http://creativecommons.org/licenses/by/3.0/" )%>
15:       .

    app/views/layouts/application.html.haml:15
    haml (2.2.20) lib/haml/precompiler.rb:696:in `render_tag'
    haml (2.2.20) lib/haml/precompiler.rb:824:in `render_div'
    haml (2.2.20) lib/haml/precompiler.rb:228:in `process_line'
    haml (2.2.20) lib/haml/precompiler.rb:196:in `precompile'
    haml (2.2.20) lib/haml/engine.rb:114:in `initialize'
    haml (2.2.20) rails/./lib/haml/template/plugin.rb:27:in `new'
    haml (2.2.20) rails/./lib/haml/template/plugin.rb:27:in `compile'
    haml (2.2.20) lib/haml/helpers/action_view_mods.rb:13:in `render'
    haml (2.2.20) lib/haml/helpers/action_view_mods.rb:13:in `render'
    haml (2.2.20) rails/./lib/sass/plugin/rails.rb:20:in `process'
    /usr/lib/ruby/1.8/webrick/httpserver.rb:104:in `service'
    /usr/lib/ruby/1.8/webrick/httpserver.rb:65:in `run'
    /usr/lib/ruby/1.8/webrick/server.rb:173:in `start_thread'
    /usr/lib/ruby/1.8/webrick/server.rb:162:in `start'
    /usr/lib/ruby/1.8/webrick/server.rb:162:in `start_thread'
    /usr/lib/ruby/1.8/webrick/server.rb:95:in `start'
    /usr/lib/ruby/1.8/webrick/server.rb:92:in `each'
    /usr/lib/ruby/1.8/webrick/server.rb:92:in `start'
    /usr/lib/ruby/1.8/webrick/server.rb:23:in `start'
    /usr/lib/ruby/1.8/webrick/server.rb:82:in `start'

Rendered rescues/_trace (34.6ms)
Rendered rescues/_request_and_response (0.3ms)
Rendering rescues/layout (internal_server_error)


Processing PagesController#home (for 127.0.0.1 at 2010-04-17 21:46:58) [GET]
Rendering template within layouts/application
Rendering pages/home

ActionView::TemplateError (Illegal element: classes and ids must have values.) on line #15 of app/views/layouts/application.html.haml:
12:       <%=link_to( 'shared by Google', "http://code.google.com/policies.html" )%>
13:       and used according to terms described in the 
14:       <%=link_to( 'Creative Commons 3.0 Attribution License', "http://creativecommons.org/licenses/by/3.0/" )%>
15:       .

    app/views/layouts/application.html.haml:15
    haml (2.2.20) lib/haml/precompiler.rb:696:in `render_tag'
    haml (2.2.20) lib/haml/precompiler.rb:824:in `render_div'
    haml (2.2.20) lib/haml/precompiler.rb:228:in `process_line'
    haml (2.2.20) lib/haml/precompiler.rb:196:in `precompile'
    haml (2.2.20) lib/haml/engine.rb:114:in `initialize'
    haml (2.2.20) rails/./lib/haml/template/plugin.rb:27:in `new'
    haml (2.2.20) rails/./lib/haml/template/plugin.rb:27:in `compile'
    haml (2.2.20) lib/haml/helpers/action_view_mods.rb:13:in `render'
    haml (2.2.20) lib/haml/helpers/action_view_mods.rb:13:in `render'
    haml (2.2.20) rails/./lib/sass/plugin/rails.rb:20:in `process'
    /usr/lib/ruby/1.8/webrick/httpserver.rb:104:in `service'
    /usr/lib/ruby/1.8/webrick/httpserver.rb:65:in `run'
    /usr/lib/ruby/1.8/webrick/server.rb:173:in `start_thread'
    /usr/lib/ruby/1.8/webrick/server.rb:162:in `start'
    /usr/lib/ruby/1.8/webrick/server.rb:162:in `start_thread'
    /usr/lib/ruby/1.8/webrick/server.rb:95:in `start'
    /usr/lib/ruby/1.8/webrick/server.rb:92:in `each'
    /usr/lib/ruby/1.8/webrick/server.rb:92:in `start'
    /usr/lib/ruby/1.8/webrick/server.rb:23:in `start'
    /usr/lib/ruby/1.8/webrick/server.rb:82:in `start'

Rendered rescues/_trace (31.9ms)
Rendered rescues/_request_and_response (0.3ms)
Rendering rescues/layout (internal_server_error)


Processing PagesController#home (for 127.0.0.1 at 2010-04-17 21:46:58) [GET]
Rendering template within layouts/application
Rendering pages/home

ActionView::TemplateError (Illegal element: classes and ids must have values.) on line #15 of app/views/layouts/application.html.haml:
12:       <%=link_to( 'shared by Google', "http://code.google.com/policies.html" )%>
13:       and used according to terms described in the 
14:       <%=link_to( 'Creative Commons 3.0 Attribution License', "http://creativecommons.org/licenses/by/3.0/" )%>
15:       .

    app/views/layouts/application.html.haml:15
    haml (2.2.20) lib/haml/precompiler.rb:696:in `render_tag'
    haml (2.2.20) lib/haml/precompiler.rb:824:in `render_div'
    haml (2.2.20) lib/haml/precompiler.rb:228:in `process_line'
    haml (2.2.20) lib/haml/precompiler.rb:196:in `precompile'
    haml (2.2.20) lib/haml/engine.rb:114:in `initialize'
    haml (2.2.20) rails/./lib/haml/template/plugin.rb:27:in `new'
    haml (2.2.20) rails/./lib/haml/template/plugin.rb:27:in `compile'
    haml (2.2.20) lib/haml/helpers/action_view_mods.rb:13:in `render'
    haml (2.2.20) lib/haml/helpers/action_view_mods.rb:13:in `render'
    haml (2.2.20) rails/./lib/sass/plugin/rails.rb:20:in `process'
    /usr/lib/ruby/1.8/webrick/httpserver.rb:104:in `service'
    /usr/lib/ruby/1.8/webrick/httpserver.rb:65:in `run'
    /usr/lib/ruby/1.8/webrick/server.rb:173:in `start_thread'
    /usr/lib/ruby/1.8/webrick/server.rb:162:in `start'
    /usr/lib/ruby/1.8/webrick/server.rb:162:in `start_thread'
    /usr/lib/ruby/1.8/webrick/server.rb:95:in `start'
    /usr/lib/ruby/1.8/webrick/server.rb:92:in `each'
    /usr/lib/ruby/1.8/webrick/server.rb:92:in `start'
    /usr/lib/ruby/1.8/webrick/server.rb:23:in `start'
    /usr/lib/ruby/1.8/webrick/server.rb:82:in `start'

Rendered rescues/_trace (33.8ms)
Rendered rescues/_request_and_response (0.3ms)
Rendering rescues/layout (internal_server_error)


Processing PagesController#home (for 127.0.0.1 at 2010-04-17 21:47:13) [GET]
Rendering template within layouts/application
Rendering pages/home

ActionView::TemplateError (Illegal element: classes and ids must have values.) on line #15 of app/views/layouts/application.html.haml:
12:       =link_to( 'shared by Google', "http://code.google.com/policies.html" )
13:       and used according to terms described in the 
14:       =link_to( 'Creative Commons 3.0 Attribution License', "http://creativecommons.org/licenses/by/3.0/" )
15:       .

    app/views/layouts/application.html.haml:15
    haml (2.2.20) lib/haml/precompiler.rb:696:in `render_tag'
    haml (2.2.20) lib/haml/precompiler.rb:824:in `render_div'
    haml (2.2.20) lib/haml/precompiler.rb:228:in `process_line'
    haml (2.2.20) lib/haml/precompiler.rb:196:in `precompile'
    haml (2.2.20) lib/haml/engine.rb:114:in `initialize'
    haml (2.2.20) rails/./lib/haml/template/plugin.rb:27:in `new'
    haml (2.2.20) rails/./lib/haml/template/plugin.rb:27:in `compile'
    haml (2.2.20) lib/haml/helpers/action_view_mods.rb:13:in `render'
    haml (2.2.20) lib/haml/helpers/action_view_mods.rb:13:in `render'
    haml (2.2.20) rails/./lib/sass/plugin/rails.rb:20:in `process'
    /usr/lib/ruby/1.8/webrick/httpserver.rb:104:in `service'
    /usr/lib/ruby/1.8/webrick/httpserver.rb:65:in `run'
    /usr/lib/ruby/1.8/webrick/server.rb:173:in `start_thread'
    /usr/lib/ruby/1.8/webrick/server.rb:162:in `start'
    /usr/lib/ruby/1.8/webrick/server.rb:162:in `start_thread'
    /usr/lib/ruby/1.8/webrick/server.rb:95:in `start'
    /usr/lib/ruby/1.8/webrick/server.rb:92:in `each'
    /usr/lib/ruby/1.8/webrick/server.rb:92:in `start'
    /usr/lib/ruby/1.8/webrick/server.rb:23:in `start'
    /usr/lib/ruby/1.8/webrick/server.rb:82:in `start'

Rendered rescues/_trace (90.0ms)
Rendered rescues/_request_and_response (0.3ms)
Rendering rescues/layout (internal_server_error)


Processing PagesController#home (for 127.0.0.1 at 2010-04-17 21:48:27) [GET]
Rendering template within layouts/application
Rendering pages/home

ActionView::TemplateError (Illegal element: classes and ids must have values.) on line #15 of app/views/layouts/application.html.haml:
12:       =link_to( 'shared by Google', "http://code.google.com/policies.html" )
13:       and used according to terms described in the 
14:       =link_to( 'Creative Commons 3.0 Attribution License', "http://creativecommons.org/licenses/by/3.0/" )
15:       .

    app/views/layouts/application.html.haml:15
    haml (2.2.20) lib/haml/precompiler.rb:696:in `render_tag'
    haml (2.2.20) lib/haml/precompiler.rb:824:in `render_div'
    haml (2.2.20) lib/haml/precompiler.rb:228:in `process_line'
    haml (2.2.20) lib/haml/precompiler.rb:196:in `precompile'
    haml (2.2.20) lib/haml/engine.rb:114:in `initialize'
    haml (2.2.20) rails/./lib/haml/template/plugin.rb:27:in `new'
    haml (2.2.20) rails/./lib/haml/template/plugin.rb:27:in `compile'
    haml (2.2.20) lib/haml/helpers/action_view_mods.rb:13:in `render'
    haml (2.2.20) lib/haml/helpers/action_view_mods.rb:13:in `render'
    haml (2.2.20) rails/./lib/sass/plugin/rails.rb:20:in `process'
    /usr/lib/ruby/1.8/webrick/httpserver.rb:104:in `service'
    /usr/lib/ruby/1.8/webrick/httpserver.rb:65:in `run'
    /usr/lib/ruby/1.8/webrick/server.rb:173:in `start_thread'
    /usr/lib/ruby/1.8/webrick/server.rb:162:in `start'
    /usr/lib/ruby/1.8/webrick/server.rb:162:in `start_thread'
    /usr/lib/ruby/1.8/webrick/server.rb:95:in `start'
    /usr/lib/ruby/1.8/webrick/server.rb:92:in `each'
    /usr/lib/ruby/1.8/webrick/server.rb:92:in `start'
    /usr/lib/ruby/1.8/webrick/server.rb:23:in `start'
    /usr/lib/ruby/1.8/webrick/server.rb:82:in `start'

Rendered rescues/_trace (32.5ms)
Rendered rescues/_request_and_response (0.3ms)
Rendering rescues/layout (internal_server_error)


Processing PagesController#home (for 127.0.0.1 at 2010-04-17 21:48:28) [GET]
Rendering template within layouts/application
Rendering pages/home

ActionView::TemplateError (Illegal element: classes and ids must have values.) on line #15 of app/views/layouts/application.html.haml:
12:       =link_to( 'shared by Google', "http://code.google.com/policies.html" )
13:       and used according to terms described in the 
14:       =link_to( 'Creative Commons 3.0 Attribution License', "http://creativecommons.org/licenses/by/3.0/" )
15:       .

    app/views/layouts/application.html.haml:15
    haml (2.2.20) lib/haml/precompiler.rb:696:in `render_tag'
    haml (2.2.20) lib/haml/precompiler.rb:824:in `render_div'
    haml (2.2.20) lib/haml/precompiler.rb:228:in `process_line'
    haml (2.2.20) lib/haml/precompiler.rb:196:in `precompile'
    haml (2.2.20) lib/haml/engine.rb:114:in `initialize'
    haml (2.2.20) rails/./lib/haml/template/plugin.rb:27:in `new'
    haml (2.2.20) rails/./lib/haml/template/plugin.rb:27:in `compile'
    haml (2.2.20) lib/haml/helpers/action_view_mods.rb:13:in `render'
    haml (2.2.20) lib/haml/helpers/action_view_mods.rb:13:in `render'
    haml (2.2.20) rails/./lib/sass/plugin/rails.rb:20:in `process'
    /usr/lib/ruby/1.8/webrick/httpserver.rb:104:in `service'
    /usr/lib/ruby/1.8/webrick/httpserver.rb:65:in `run'
    /usr/lib/ruby/1.8/webrick/server.rb:173:in `start_thread'
    /usr/lib/ruby/1.8/webrick/server.rb:162:in `start'
    /usr/lib/ruby/1.8/webrick/server.rb:162:in `start_thread'
    /usr/lib/ruby/1.8/webrick/server.rb:95:in `start'
    /usr/lib/ruby/1.8/webrick/server.rb:92:in `each'
    /usr/lib/ruby/1.8/webrick/server.rb:92:in `start'
    /usr/lib/ruby/1.8/webrick/server.rb:23:in `start'
    /usr/lib/ruby/1.8/webrick/server.rb:82:in `start'

Rendered rescues/_trace (34.6ms)
Rendered rescues/_request_and_response (0.3ms)
Rendering rescues/layout (internal_server_error)


Processing PagesController#home (for 127.0.0.1 at 2010-04-17 21:48:28) [GET]
Rendering template within layouts/application
Rendering pages/home

ActionView::TemplateError (Illegal element: classes and ids must have values.) on line #15 of app/views/layouts/application.html.haml:
12:       =link_to( 'shared by Google', "http://code.google.com/policies.html" )
13:       and used according to terms described in the 
14:       =link_to( 'Creative Commons 3.0 Attribution License', "http://creativecommons.org/licenses/by/3.0/" )
15:       .

    app/views/layouts/application.html.haml:15
    haml (2.2.20) lib/haml/precompiler.rb:696:in `render_tag'
    haml (2.2.20) lib/haml/precompiler.rb:824:in `render_div'
    haml (2.2.20) lib/haml/precompiler.rb:228:in `process_line'
    haml (2.2.20) lib/haml/precompiler.rb:196:in `precompile'
    haml (2.2.20) lib/haml/engine.rb:114:in `initialize'
    haml (2.2.20) rails/./lib/haml/template/plugin.rb:27:in `new'
    haml (2.2.20) rails/./lib/haml/template/plugin.rb:27:in `compile'
    haml (2.2.20) lib/haml/helpers/action_view_mods.rb:13:in `render'
    haml (2.2.20) lib/haml/helpers/action_view_mods.rb:13:in `render'
    haml (2.2.20) rails/./lib/sass/plugin/rails.rb:20:in `process'
    /usr/lib/ruby/1.8/webrick/httpserver.rb:104:in `service'
    /usr/lib/ruby/1.8/webrick/httpserver.rb:65:in `run'
    /usr/lib/ruby/1.8/webrick/server.rb:173:in `start_thread'
    /usr/lib/ruby/1.8/webrick/server.rb:162:in `start'
    /usr/lib/ruby/1.8/webrick/server.rb:162:in `start_thread'
    /usr/lib/ruby/1.8/webrick/server.rb:95:in `start'
    /usr/lib/ruby/1.8/webrick/server.rb:92:in `each'
    /usr/lib/ruby/1.8/webrick/server.rb:92:in `start'
    /usr/lib/ruby/1.8/webrick/server.rb:23:in `start'
    /usr/lib/ruby/1.8/webrick/server.rb:82:in `start'

Rendered rescues/_trace (93.4ms)
Rendered rescues/_request_and_response (0.3ms)
Rendering rescues/layout (internal_server_error)


Processing PagesController#home (for 127.0.0.1 at 2010-04-17 21:48:58) [GET]
Rendering template within layouts/application
Rendering pages/home

ActionView::TemplateError (Illegal element: classes and ids must have values.) on line #15 of app/views/layouts/application.html.haml:
12:       =link_to( 'shared by Google', "http://code.google.com/policies.html" )
13:       and used according to terms described in the 
14:       =link_to( 'Creative Commons 3.0 Attribution License', "http://creativecommons.org/licenses/by/3.0/" )
15:       .

    app/views/layouts/application.html.haml:15
    haml (2.2.20) lib/haml/precompiler.rb:696:in `render_tag'
    haml (2.2.20) lib/haml/precompiler.rb:824:in `render_div'
    haml (2.2.20) lib/haml/precompiler.rb:228:in `process_line'
    haml (2.2.20) lib/haml/precompiler.rb:196:in `precompile'
    haml (2.2.20) lib/haml/engine.rb:114:in `initialize'
    haml (2.2.20) rails/./lib/haml/template/plugin.rb:27:in `new'
    haml (2.2.20) rails/./lib/haml/template/plugin.rb:27:in `compile'
    haml (2.2.20) lib/haml/helpers/action_view_mods.rb:13:in `render'
    haml (2.2.20) lib/haml/helpers/action_view_mods.rb:13:in `render'
    haml (2.2.20) rails/./lib/sass/plugin/rails.rb:20:in `process'
    /usr/lib/ruby/1.8/webrick/httpserver.rb:104:in `service'
    /usr/lib/ruby/1.8/webrick/httpserver.rb:65:in `run'
    /usr/lib/ruby/1.8/webrick/server.rb:173:in `start_thread'
    /usr/lib/ruby/1.8/webrick/server.rb:162:in `start'
    /usr/lib/ruby/1.8/webrick/server.rb:162:in `start_thread'
    /usr/lib/ruby/1.8/webrick/server.rb:95:in `start'
    /usr/lib/ruby/1.8/webrick/server.rb:92:in `each'
    /usr/lib/ruby/1.8/webrick/server.rb:92:in `start'
    /usr/lib/ruby/1.8/webrick/server.rb:23:in `start'
    /usr/lib/ruby/1.8/webrick/server.rb:82:in `start'

Rendered rescues/_trace (33.0ms)
Rendered rescues/_request_and_response (0.3ms)
Rendering rescues/layout (internal_server_error)


Processing PagesController#home (for 127.0.0.1 at 2010-04-17 21:48:59) [GET]
Rendering template within layouts/application
Rendering pages/home

ActionView::TemplateError (Illegal element: classes and ids must have values.) on line #15 of app/views/layouts/application.html.haml:
12:       =link_to( 'shared by Google', "http://code.google.com/policies.html" )
13:       and used according to terms described in the 
14:       =link_to( 'Creative Commons 3.0 Attribution License', "http://creativecommons.org/licenses/by/3.0/" )
15:       .

    app/views/layouts/application.html.haml:15
    haml (2.2.20) lib/haml/precompiler.rb:696:in `render_tag'
    haml (2.2.20) lib/haml/precompiler.rb:824:in `render_div'
    haml (2.2.20) lib/haml/precompiler.rb:228:in `process_line'
    haml (2.2.20) lib/haml/precompiler.rb:196:in `precompile'
    haml (2.2.20) lib/haml/engine.rb:114:in `initialize'
    haml (2.2.20) rails/./lib/haml/template/plugin.rb:27:in `new'
    haml (2.2.20) rails/./lib/haml/template/plugin.rb:27:in `compile'
    haml (2.2.20) lib/haml/helpers/action_view_mods.rb:13:in `render'
    haml (2.2.20) lib/haml/helpers/action_view_mods.rb:13:in `render'
    haml (2.2.20) rails/./lib/sass/plugin/rails.rb:20:in `process'
    /usr/lib/ruby/1.8/webrick/httpserver.rb:104:in `service'
    /usr/lib/ruby/1.8/webrick/httpserver.rb:65:in `run'
    /usr/lib/ruby/1.8/webrick/server.rb:173:in `start_thread'
    /usr/lib/ruby/1.8/webrick/server.rb:162:in `start'
    /usr/lib/ruby/1.8/webrick/server.rb:162:in `start_thread'
    /usr/lib/ruby/1.8/webrick/server.rb:95:in `start'
    /usr/lib/ruby/1.8/webrick/server.rb:92:in `each'
    /usr/lib/ruby/1.8/webrick/server.rb:92:in `start'
    /usr/lib/ruby/1.8/webrick/server.rb:23:in `start'
    /usr/lib/ruby/1.8/webrick/server.rb:82:in `start'

Rendered rescues/_trace (93.2ms)
Rendered rescues/_request_and_response (0.3ms)
Rendering rescues/layout (internal_server_error)


Processing PagesController#home (for 127.0.0.1 at 2010-04-17 21:49:54) [GET]
Rendering template within layouts/application
Rendering pages/home

ActionView::TemplateError (Illegal element: classes and ids must have values.) on line #15 of app/views/layouts/application.html.haml:
12:       =link_to 'shared by Google', "http://code.google.com/policies.html"
13:       and used according to terms described in the 
14:       =link_to 'Creative Commons 3.0 Attribution License', "http://creativecommons.org/licenses/by/3.0/"
15:       .

    app/views/layouts/application.html.haml:15
    haml (2.2.20) lib/haml/precompiler.rb:696:in `render_tag'
    haml (2.2.20) lib/haml/precompiler.rb:824:in `render_div'
    haml (2.2.20) lib/haml/precompiler.rb:228:in `process_line'
    haml (2.2.20) lib/haml/precompiler.rb:196:in `precompile'
    haml (2.2.20) lib/haml/engine.rb:114:in `initialize'
    haml (2.2.20) rails/./lib/haml/template/plugin.rb:27:in `new'
    haml (2.2.20) rails/./lib/haml/template/plugin.rb:27:in `compile'
    haml (2.2.20) lib/haml/helpers/action_view_mods.rb:13:in `render'
    haml (2.2.20) lib/haml/helpers/action_view_mods.rb:13:in `render'
    haml (2.2.20) rails/./lib/sass/plugin/rails.rb:20:in `process'
    /usr/lib/ruby/1.8/webrick/httpserver.rb:104:in `service'
    /usr/lib/ruby/1.8/webrick/httpserver.rb:65:in `run'
    /usr/lib/ruby/1.8/webrick/server.rb:173:in `start_thread'
    /usr/lib/ruby/1.8/webrick/server.rb:162:in `start'
    /usr/lib/ruby/1.8/webrick/server.rb:162:in `start_thread'
    /usr/lib/ruby/1.8/webrick/server.rb:95:in `start'
    /usr/lib/ruby/1.8/webrick/server.rb:92:in `each'
    /usr/lib/ruby/1.8/webrick/server.rb:92:in `start'
    /usr/lib/ruby/1.8/webrick/server.rb:23:in `start'
    /usr/lib/ruby/1.8/webrick/server.rb:82:in `start'

Rendered rescues/_trace (32.3ms)
Rendered rescues/_request_and_response (0.3ms)
Rendering rescues/layout (internal_server_error)


Processing PagesController#home (for 127.0.0.1 at 2010-04-17 21:55:44) [GET]
Rendering template within layouts/application
Rendering pages/home
Completed in 59ms (View: 7, DB: 0) | 200 OK [http://localhost/]


Processing PagesController#home (for 127.0.0.1 at 2010-04-17 22:06:42) [GET]
Rendering template within layouts/application
Rendering pages/home
Completed in 2ms (View: 1, DB: 0) | 200 OK [http://localhost/]


Processing PagesController#home (for 127.0.0.1 at 2010-04-17 22:07:21) [GET]
Rendering template within layouts/application
Rendering pages/home
Completed in 2ms (View: 1, DB: 0) | 200 OK [http://localhost/]


Processing PagesController#home (for 127.0.0.1 at 2010-04-17 22:07:42) [GET]
Rendering template within layouts/application
Rendering pages/home
Completed in 2ms (View: 1, DB: 0) | 200 OK [http://localhost/]


Processing PagesController#home (for 127.0.0.1 at 2010-04-17 22:07:43) [GET]
Rendering template within layouts/application
Rendering pages/home
Completed in 3ms (View: 2, DB: 0) | 200 OK [http://localhost/]


Processing PagesController#home (for 127.0.0.1 at 2010-04-17 22:07:43) [GET]
Rendering template within layouts/application
Rendering pages/home
Completed in 9ms (View: 1, DB: 0) | 200 OK [http://localhost/]


Processing PagesController#home (for 127.0.0.1 at 2010-04-17 22:07:49) [GET]
Rendering template within layouts/application
Rendering pages/home
Completed in 2ms (View: 1, DB: 0) | 200 OK [http://localhost/]


Processing PagesController#home (for 127.0.0.1 at 2010-04-17 22:25:13) [GET]
Rendering template within layouts/application
Rendering pages/home
Completed in 2ms (View: 1, DB: 0) | 200 OK [http://localhost/]


Processing PagesController#home (for 127.0.0.1 at 2010-04-17 22:25:13) [GET]
Rendering template within layouts/application
Rendering pages/home
Completed in 13ms (View: 1, DB: 0) | 200 OK [http://localhost/]


Processing PagesController#home (for 127.0.0.1 at 2010-04-17 22:28:41) [GET]
Rendering template within layouts/application
Rendering pages/home

ActionView::TemplateError (Illegal element: classes and ids must have values.) on line #15 of app/views/layouts/application.html.haml:
12:       #{link_to 'shared by Google', "http://code.google.com/policies.html"}
13:       and used according to terms described in the 
14:       #{link_to 'Creative Commons 3.0 Attribution License', "http://creativecommons.org/licenses/by/3.0/"}
15:       .

    app/views/layouts/application.html.haml:15
    haml (2.2.20) lib/haml/precompiler.rb:696:in `render_tag'
    haml (2.2.20) lib/haml/precompiler.rb:824:in `render_div'
    haml (2.2.20) lib/haml/precompiler.rb:228:in `process_line'
    haml (2.2.20) lib/haml/precompiler.rb:196:in `precompile'
    haml (2.2.20) lib/haml/engine.rb:114:in `initialize'
    haml (2.2.20) rails/./lib/haml/template/plugin.rb:27:in `new'
    haml (2.2.20) rails/./lib/haml/template/plugin.rb:27:in `compile'
    haml (2.2.20) lib/haml/helpers/action_view_mods.rb:13:in `render'
    haml (2.2.20) lib/haml/helpers/action_view_mods.rb:13:in `render'
    haml (2.2.20) rails/./lib/sass/plugin/rails.rb:20:in `process'
    /usr/lib/ruby/1.8/webrick/httpserver.rb:104:in `service'
    /usr/lib/ruby/1.8/webrick/httpserver.rb:65:in `run'
    /usr/lib/ruby/1.8/webrick/server.rb:173:in `start_thread'
    /usr/lib/ruby/1.8/webrick/server.rb:162:in `start'
    /usr/lib/ruby/1.8/webrick/server.rb:162:in `start_thread'
    /usr/lib/ruby/1.8/webrick/server.rb:95:in `start'
    /usr/lib/ruby/1.8/webrick/server.rb:92:in `each'
    /usr/lib/ruby/1.8/webrick/server.rb:92:in `start'
    /usr/lib/ruby/1.8/webrick/server.rb:23:in `start'
    /usr/lib/ruby/1.8/webrick/server.rb:82:in `start'

Rendered rescues/_trace (32.9ms)
Rendered rescues/_request_and_response (0.3ms)
Rendering rescues/layout (internal_server_error)


Processing PagesController#home (for 127.0.0.1 at 2010-04-17 22:29:37) [GET]
Rendering template within layouts/application
Rendering pages/home

ActionView::TemplateError (Illegal element: classes and ids must have values.) on line #15 of app/views/layouts/application.html.haml:
12:       =link_to 'shared by Google', "http://code.google.com/policies.html"
13:       and used according to terms described in the 
14:       =link_to 'Creative Commons 3.0 Attribution License', "http://creativecommons.org/licenses/by/3.0/"
15:       .

    app/views/layouts/application.html.haml:15
    haml (2.2.20) lib/haml/precompiler.rb:696:in `render_tag'
    haml (2.2.20) lib/haml/precompiler.rb:824:in `render_div'
    haml (2.2.20) lib/haml/precompiler.rb:228:in `process_line'
    haml (2.2.20) lib/haml/precompiler.rb:196:in `precompile'
    haml (2.2.20) lib/haml/engine.rb:114:in `initialize'
    haml (2.2.20) rails/./lib/haml/template/plugin.rb:27:in `new'
    haml (2.2.20) rails/./lib/haml/template/plugin.rb:27:in `compile'
    haml (2.2.20) lib/haml/helpers/action_view_mods.rb:13:in `render'
    haml (2.2.20) lib/haml/helpers/action_view_mods.rb:13:in `render'
    haml (2.2.20) rails/./lib/sass/plugin/rails.rb:20:in `process'
    /usr/lib/ruby/1.8/webrick/httpserver.rb:104:in `service'
    /usr/lib/ruby/1.8/webrick/httpserver.rb:65:in `run'
    /usr/lib/ruby/1.8/webrick/server.rb:173:in `start_thread'
    /usr/lib/ruby/1.8/webrick/server.rb:162:in `start'
    /usr/lib/ruby/1.8/webrick/server.rb:162:in `start_thread'
    /usr/lib/ruby/1.8/webrick/server.rb:95:in `start'
    /usr/lib/ruby/1.8/webrick/server.rb:92:in `each'
    /usr/lib/ruby/1.8/webrick/server.rb:92:in `start'
    /usr/lib/ruby/1.8/webrick/server.rb:23:in `start'
    /usr/lib/ruby/1.8/webrick/server.rb:82:in `start'

Rendered rescues/_trace (33.5ms)
Rendered rescues/_request_and_response (0.3ms)
Rendering rescues/layout (internal_server_error)


Processing PagesController#home (for 127.0.0.1 at 2010-04-17 22:36:17) [GET]
Rendering template within layouts/application
Rendering pages/home

ActionView::TemplateError (Illegal element: classes and ids must have values.) on line #15 of app/views/layouts/application.html.haml:
12:       =link_to 'shared by Google', "http://code.google.com/policies.html"
13:       and used according to terms described in the 
14:       =link_to 'Creative Commons 3.0 Attribution License', "http://creativecommons.org/licenses/by/3.0/"
15:       .

    app/views/layouts/application.html.haml:15
    haml (2.2.20) lib/haml/precompiler.rb:696:in `render_tag'
    haml (2.2.20) lib/haml/precompiler.rb:824:in `render_div'
    haml (2.2.20) lib/haml/precompiler.rb:228:in `process_line'
    haml (2.2.20) lib/haml/precompiler.rb:196:in `precompile'
    haml (2.2.20) lib/haml/engine.rb:114:in `initialize'
    haml (2.2.20) rails/./lib/haml/template/plugin.rb:27:in `new'
    haml (2.2.20) rails/./lib/haml/template/plugin.rb:27:in `compile'
    haml (2.2.20) lib/haml/helpers/action_view_mods.rb:13:in `render'
    haml (2.2.20) lib/haml/helpers/action_view_mods.rb:13:in `render'
    haml (2.2.20) rails/./lib/sass/plugin/rails.rb:20:in `process'
    /usr/lib/ruby/1.8/webrick/httpserver.rb:104:in `service'
    /usr/lib/ruby/1.8/webrick/httpserver.rb:65:in `run'
    /usr/lib/ruby/1.8/webrick/server.rb:173:in `start_thread'
    /usr/lib/ruby/1.8/webrick/server.rb:162:in `start'
    /usr/lib/ruby/1.8/webrick/server.rb:162:in `start_thread'
    /usr/lib/ruby/1.8/webrick/server.rb:95:in `start'
    /usr/lib/ruby/1.8/webrick/server.rb:92:in `each'
    /usr/lib/ruby/1.8/webrick/server.rb:92:in `start'
    /usr/lib/ruby/1.8/webrick/server.rb:23:in `start'
    /usr/lib/ruby/1.8/webrick/server.rb:82:in `start'

Rendered rescues/_trace (91.9ms)
Rendered rescues/_request_and_response (0.3ms)
Rendering rescues/layout (internal_server_error)


Processing PagesController#home (for 127.0.0.1 at 2010-04-17 22:44:36) [GET]
Rendering template within layouts/application
Rendering pages/home
Completed in 7ms (View: 5, DB: 0) | 200 OK [http://localhost/]
